<?xml version="1.0" encoding="UTF-8"?>
<!-- Generated by org.testng.reporters.JUnitXMLReporter -->
<testsuite ignored="0" hostname="LAPTOP-QMTC14CJ" failures="0" tests="9" name="ChromeTest" time="70.701" errors="0" timestamp="29 May 2023 14:41:18 GMT">
  <testcase classname="testCases.LoginPageTestCases" name="loginUsingValidCredentials" time="1.87"/>
  <testcase classname="testCases.HomePageTestCases" name="isCalculatorDisplayedOnIconClick" time="2.934"/>
  <testcase classname="testCases.UserManagementTestCases" name="isMenuExpansionDisplayed" time="2.79"/>
  <testcase classname="testCases.LoginPageTestCases" name="loginUsingInvalidCredentials" time="0.777"/>
  <testcase classname="testCases.HomePageTestCases" name="isUserAbleToLogOut" time="2.677"/>
  <testcase classname="testCases.UserManagementTestCases" name="addNewUser" time="7.788"/>
  <testcase classname="testCases.LoginPageTestCases" name="passwordResetWithValidEmail" time="1.49"/>
  <testcase classname="testCases.UserManagementTestCases" name="checkSearchFunctionality" time="6.406"/>
  <testcase classname="testCases.LoginPageTestCases" name="passwordResetWithInvalidEmail" time="1.165"/>
</testsuite> <!-- ChromeTest -->
