<?xml version="1.0" encoding="UTF-8"?>
<!-- Generated by org.testng.reporters.JUnitXMLReporter -->
<testsuite ignored="0" hostname="LAPTOP-QMTC14CJ" failures="0" tests="9" name="EdgeTest" time="86.213" errors="0" timestamp="29 May 2023 14:44:13 GMT">
  <testcase classname="testCases.LoginPageTestCases" name="loginUsingValidCredentials" time="2.265"/>
  <testcase classname="testCases.HomePageTestCases" name="isCalculatorDisplayedOnIconClick" time="2.225"/>
  <testcase classname="testCases.UserManagementTestCases" name="isMenuExpansionDisplayed" time="2.895"/>
  <testcase classname="testCases.LoginPageTestCases" name="loginUsingInvalidCredentials" time="0.771"/>
  <testcase classname="testCases.HomePageTestCases" name="isUserAbleToLogOut" time="2.769"/>
  <testcase classname="testCases.UserManagementTestCases" name="addNewUser" time="7.535"/>
  <testcase classname="testCases.LoginPageTestCases" name="passwordResetWithValidEmail" time="1.539"/>
  <testcase classname="testCases.UserManagementTestCases" name="checkSearchFunctionality" time="6.663"/>
  <testcase classname="testCases.LoginPageTestCases" name="passwordResetWithInvalidEmail" time="1.138"/>
</testsuite> <!-- EdgeTest -->
