<?xml version="1.0" encoding="UTF-8"?>
<!-- Generated by org.testng.reporters.JUnitXMLReporter -->
<testsuite ignored="0" hostname="LAPTOP-QMTC14CJ" failures="0" tests="15" name="Test" time="158.131" errors="0" timestamp="31 May 2023 09:14:33 GMT">
  <testcase classname="testCases.LoginPageTestCases" name="loginUsingValidCredentials" time="2.13"/>
  <testcase classname="testCases.HomePageTestCases" name="isCalculatorDisplayedOnIconClick" time="2.34"/>
  <testcase classname="testCases.UserManagementTestCases" name="isMenuExpansionDisplayed" time="2.996"/>
  <testcase classname="testCases.LoginPageTestCases" name="loginUsingInvalidCredentials" time="0.87"/>
  <testcase classname="testCases.HomePageTestCases" name="isUserAbleToLogOut" time="2.956"/>
  <testcase classname="testCases.UserManagementTestCases" name="addNewUserWithValidData" time="8.236"/>
  <testcase classname="testCases.UserManagementTestCases" name="addNewUserWithValidData" time="8.276"/>
  <testcase classname="testCases.UserManagementTestCases" name="addNewUserWithValidData" time="8.349"/>
  <testcase classname="testCases.LoginPageTestCases" name="passwordResetWithValidEmail" time="1.811"/>
  <testcase classname="testCases.UserManagementTestCases" name="addNewUserwithExistingUserName" time="6.436"/>
  <testcase classname="testCases.UserManagementTestCases" name="addNewUserwithExistingUserName" time="6.309"/>
  <testcase classname="testCases.UserManagementTestCases" name="addNewUserwithExistingUserName" time="6.579"/>
  <testcase classname="testCases.LoginPageTestCases" name="passwordResetWithInvalidEmail" time="1.352"/>
  <testcase classname="testCases.UserManagementTestCases" name="checkSearchFunctionality" time="6.871"/>
  <testcase classname="testCases.UserManagementTestCases" name="editRolePermission" time="9.256"/>
</testsuite> <!-- Test -->
